2021/02/01 22:25:36 {"callers":["C:/Users/matt_liu/go/blog-service/main.go: 26 main.init.0"],"level":"info","message":"deeycjy: go-programming-tour-book/blog-service","time":1612189536341606900}
2021/02/01 22:54:53 {"callers":["C:/Users/matt_liu/go/blog-service/main.go: 26 main.init.0"],"level":"info","message":"deeycjy: go-programming-tour-book/blog-service","time":1612191293210381200}
2021/02/01 23:38:09 {"callers":["C:/Users/matt_liu/go/blog-service/main.go: 26 main.init.0"],"level":"info","message":"deeycjy: go-programming-tour-book/blog-service","time":1612193889661728200}
2021/02/03 00:55:06 {"callers":["C:/Users/matt_liu/go/blog-service/main.go: 26 main.init.0"],"level":"info","message":"deeycjy: go-programming-tour-book/blog-service","time":1612284906858573900}
2021/02/03 13:29:42 {"callers":["C:/Users/matt_liu/go/blog-service/main.go: 26 main.init.0"],"level":"info","message":"deeycjy: go-programming-tour-book/blog-service","time":1612330182807266000}
2021/02/03 13:52:41 {"callers":["C:/Users/matt_liu/go/blog-service/main.go: 26 main.init.0"],"level":"info","message":"deeycjy: go-programming-tour-book/blog-service","time":1612331561599809000}
2021/02/03 15:37:37 {"callers":["C:/Users/matt_liu/go/blog-service/main.go: 26 main.init.0"],"level":"info","message":"deeycjy: go-programming-tour-book/blog-service","time":1612337857662166500}
2021/02/03 15:41:07 {"callers":["C:/Users/matt_liu/go/blog-service/main.go: 26 main.init.0"],"level":"info","message":"deeycjy: go-programming-tour-book/blog-service","time":1612338067413456400}
2021/02/06 06:32:32 {"callers":["C:/Users/matt_liu/go/blog-service/main.go: 26 main.init.0"],"level":"info","message":"deeycjy: go-programming-tour-book/blog-service","time":1612564352522980800}
2021/02/06 06:33:20 {"callers":["C:/Users/matt_liu/go/blog-service/main.go: 26 main.init.0"],"level":"error","message":"app.BindAndValid errs: State必须是[0 1]中的一个","time":1612564400436777900}
2021/03/18 11:13:49 {"callers":["C:/Users/liuyo/Documents/learning/tour_blog/jianyu_blog/main.go: 26 main.init.0"],"level":"info","message":"deeycjy: go-programming-tour-book/blog-service","time":1616037229585644100}
2021/03/18 16:54:51 {"callers":["C:/Users/liuyo/Documents/learning/tour_blog/jianyu_blog/main.go: 26 main.init.0"],"level":"info","message":"deeycjy: go-programming-tour-book/blog-service","time":1616057691060348500}
2021/03/18 16:55:07 {"callers":["C:/Users/liuyo/Documents/learning/tour_blog/jianyu_blog/main.go: 26 main.init.0"],"level":"info","message":"deeycjy: go-programming-tour-book/blog-service","time":1616057707690492500}
2021/03/18 16:55:37 {"callers":["C:/Users/liuyo/Documents/learning/tour_blog/jianyu_blog/main.go: 26 main.init.0"],"level":"info","message":"deeycjy: go-programming-tour-book/blog-service","time":1616057737342053600}
2021/03/18 16:56:20 {"callers":["C:/Users/liuyo/Documents/learning/tour_blog/jianyu_blog/main.go: 26 main.init.0"],"level":"info","message":"deeycjy: go-programming-tour-book/blog-service","time":1616057780168978300}
2021/03/18 16:59:21 {"callers":["C:/Users/liuyo/Documents/learning/tour_blog/jianyu_blog/main.go: 26 main.init.0"],"level":"info","message":"deeycjy: go-programming-tour-book/blog-service","time":1616057961905735100}
2021/03/18 17:01:51 {"callers":["C:/Users/liuyo/Documents/learning/tour_blog/jianyu_blog/main.go: 27 main.init.0"],"level":"info","message":"deeycjy: go-programming-tour-book/blog-service","time":1616058111351441800}
2021/03/18 17:03:02 {"callers":["C:/Users/liuyo/Documents/learning/tour_blog/jianyu_blog/main.go: 26 main.init.0"],"level":"info","message":"deeycjy: go-programming-tour-book/blog-service","time":1616058182812880800}
2021/03/18 17:12:04 {"callers":["C:/Users/liuyo/Documents/learning/tour_blog/jianyu_blog/main.go: 26 main.init.0"],"level":"info","message":"deeycjy: go-programming-tour-book/blog-service","time":1616058724790479100}
2021/03/18 17:13:49 {"callers":["C:/Users/liuyo/Documents/learning/tour_blog/jianyu_blog/main.go: 26 main.init.0"],"level":"info","message":"deeycjy: go-programming-tour-book/blog-service","time":1616058829778567700}
2021/03/18 17:14:37 {"callers":["C:/Users/liuyo/Documents/learning/tour_blog/jianyu_blog/main.go: 26 main.init.0"],"level":"info","message":"deeycjy: go-programming-tour-book/blog-service","time":1616058877957109000}
2021/03/18 17:21:48 {"callers":["C:/Users/liuyo/Documents/learning/tour_blog/jianyu_blog/main.go: 26 main.init.0"],"level":"info","message":"deeycjy: go-programming-tour-book/blog-service","time":1616059308834022600}
2021/03/22 18:15:24 {"callers":["C:/Users/liuyo/Documents/learning/tour_blog/jianyu_blog/main.go: 26 main.init.0"],"level":"info","message":"deeycjy: go-programming-tour-book/blog-service","time":1616408124059671400}
2021/03/23 23:34:27 {"callers":["C:/Users/liuyo/Documents/learning/tour_blog/jianyu_blog/main.go: 26 main.init.0"],"level":"info","message":"deeycjy: go-programming-tour-book/blog-service","time":1616513667377200100}
2021/03/23 23:35:56 {"callers":["C:/Users/liuyo/Documents/learning/tour_blog/jianyu_blog/main.go: 26 main.init.0"],"level":"error","message":"app.BindAndValid errs: State必须是[0 1]中的一个","time":1616513756751054800}
2021/03/25 00:13:14 {"callers":["C:/Users/liuyo/Documents/learning/tour_blog/jianyu_blog/main.go: 26 main.init.0"],"level":"info","message":"deeycjy: go-programming-tour-book/blog-service","time":1616602394413220700}
2021/03/28 16:54:12 {"callers":["C:/Users/liuyo/Documents/learning/tour_blog/jianyu_blog/main.go: 26 main.init.0"],"level":"info","message":"deeycjy: go-programming-tour-book/blog-service","time":1616921652781758900}
2021/03/28 17:00:44 {"callers":["C:/Users/liuyo/Documents/learning/tour_blog/jianyu_blog/main.go: 26 main.init.0"],"level":"info","message":"deeycjy: go-programming-tour-book/blog-service","time":1616922044242370500}
2021/03/28 17:02:19 {"callers":["C:/Users/liuyo/Documents/learning/tour_blog/jianyu_blog/main.go: 26 main.init.0"],"level":"error","message":"svc.UploadFile err: file suffix is not supported.","time":1616922139048665700}
2021/03/28 17:08:31 {"callers":["C:/Users/liuyo/Documents/learning/tour_blog/jianyu_blog/main.go: 26 main.init.0"],"level":"info","message":"deeycjy: go-programming-tour-book/blog-service","time":1616922511965743900}
2021/03/28 17:11:51 {"callers":["C:/Users/liuyo/Documents/learning/tour_blog/jianyu_blog/main.go: 26 main.init.0"],"level":"info","message":"deeycjy: go-programming-tour-book/blog-service","time":1616922711986861900}
2021/03/28 17:21:43 {"callers":["C:/Users/liuyo/Documents/learning/tour_blog/jianyu_blog/main.go: 26 main.init.0"],"level":"info","message":"deeycjy: go-programming-tour-book/blog-service","time":1616923303322114800}
2021/03/28 17:22:54 {"callers":["C:/Users/liuyo/Documents/learning/tour_blog/jianyu_blog/main.go: 26 main.init.0"],"level":"info","message":"deeycjy: go-programming-tour-book/blog-service","time":1616923374420654400}
2021/03/29 13:08:49 {"callers":["C:/Users/liuyo/Documents/learning/tour_blog/jianyu_blog/main.go: 26 main.init.0"],"level":"info","message":"deeycjy: go-programming-tour-book/blog-service","time":1616994529373283900}
2021/03/29 13:19:09 {"callers":["C:/Users/liuyo/Documents/learning/tour_blog/jianyu_blog/main.go: 26 main.init.0"],"level":"error","message":"app.BindAndValid errs: ","time":1616995149921310600}
2021/03/29 13:19:59 {"callers":["C:/Users/liuyo/Documents/learning/tour_blog/jianyu_blog/main.go: 26 main.init.0"],"level":"error","message":"app.BindAndValid errs: AppKey为必填字段,AppSecret为必填字段","time":1616995199350623300}
2021/03/29 13:20:40 {"callers":["C:/Users/liuyo/Documents/learning/tour_blog/jianyu_blog/main.go: 26 main.init.0"],"level":"error","message":"app.BindAndValid errs: ","time":1616995240722746200}
2021/03/29 13:22:11 {"callers":["C:/Users/liuyo/Documents/learning/tour_blog/jianyu_blog/main.go: 26 main.init.0"],"level":"error","message":"app.BindAndValid errs: AppKey为必填字段,AppSecret为必填字段","time":1616995331054343400}
2021/03/29 13:22:55 {"callers":["C:/Users/liuyo/Documents/learning/tour_blog/jianyu_blog/main.go: 26 main.init.0"],"level":"error","message":"app.BindAndValid errs: AppKey为必填字段,AppSecret为必填字段","time":1616995375713865300}
2021/03/29 13:23:08 {"callers":["C:/Users/liuyo/Documents/learning/tour_blog/jianyu_blog/main.go: 26 main.init.0"],"level":"error","message":"app.BindAndValid errs: AppKey为必填字段,AppSecret为必填字段","time":1616995388989627100}
2021/03/29 13:25:26 {"callers":["C:/Users/liuyo/Documents/learning/tour_blog/jianyu_blog/main.go: 26 main.init.0"],"level":"error","message":"app.BindAndValid errs: AppSecret为必填字段,AppKey为必填字段","time":1616995526667919200}
2021/03/29 13:46:10 {"callers":["C:/Users/liuyo/Documents/learning/tour_blog/jianyu_blog/main.go: 26 main.init.0"],"level":"info","message":"deeycjy: go-programming-tour-book/blog-service","time":1616996770054888900}
2021/03/29 14:04:40 {"callers":["C:/Users/liuyo/Documents/learning/tour_blog/jianyu_blog/main.go: 26 main.init.0"],"level":"info","message":"deeycjy: go-programming-tour-book/blog-service","time":1616997880992433800}
2021/03/29 14:15:57 {"callers":["C:/Users/liuyo/Documents/learning/tour_blog/jianyu_blog/main.go: 26 main.init.0"],"level":"info","message":"deeycjy: go-programming-tour-book/blog-service","time":1616998557553877200}
2021/03/29 14:16:02 {"callers":["C:/Users/liuyo/Documents/learning/tour_blog/jianyu_blog/main.go: 26 main.init.0"],"level":"info","message":"access log: method: %s, status_code: %d, begin_time: %d, end_time: %dGET401 1616998562 1616998562","request":"","response":"{\"code\":100000004,\"msg\":\"鉴权失败，Token错误\"}","time":1616998562048553200}
2021/03/29 14:20:57 {"callers":["C:/Users/liuyo/Documents/learning/tour_blog/jianyu_blog/main.go: 26 main.init.0"],"level":"info","message":"deeycjy: go-programming-tour-book/blog-service","time":1616998857978272600}
2021/03/29 14:21:01 {"callers":["C:/Users/liuyo/Documents/learning/tour_blog/jianyu_blog/main.go: 26 main.init.0"],"level":"info","message":"access log: method: GET, status_code: 401, begin_time: 1616998861, end_time: 1616998861","request":"","response":"{\"code\":100000004,\"msg\":\"鉴权失败，Token错误\"}","time":1616998861096290200}
2021/03/29 14:22:44 {"callers":["C:/Users/liuyo/Documents/learning/tour_blog/jianyu_blog/main.go: 26 main.init.0"],"level":"info","message":"deeycjy: go-programming-tour-book/blog-service","time":1616998964077132000}
2021/03/29 14:22:47 {"callers":["C:/Users/liuyo/Documents/learning/tour_blog/jianyu_blog/main.go: 26 main.init.0"],"level":"info","message":"access log: method: GET, status_code: 401, begin_time: 1616998967, end_time: 1616998967","request":"","response":"{\"code\":100000004,\"msg\":\"鉴权失败，Token错误\"}","time":1616998967044153100}
2021/03/29 16:04:58 {"callers":["C:/Users/liuyo/Documents/learning/tour_blog/jianyu_blog/main.go: 26 main.init.0"],"level":"info","message":"deeycjy: go-programming-tour-book/blog-service","time":1617005098187700000}
2021/03/29 16:05:06 {"callers":["C:/Users/liuyo/Documents/learning/tour_blog/jianyu_blog/main.go: 26 main.init.0"],"level":"info","message":"access log: method: GET, status_code: 401, begin_time: 1617005106, end_time: 1617005106","request":"","response":"{\"code\":100000004,\"msg\":\"鉴权失败，Token错误\"}","time":1617005106201176800}
2021/03/29 16:05:37 {"callers":["C:/Users/liuyo/Documents/learning/tour_blog/jianyu_blog/main.go: 26 main.init.0"],"level":"info","message":"access log: method: GET, status_code: 400, begin_time: 1617005137, end_time: 1617005137","request":"","response":"{\"code\":100000001,\"msg\":\"入参错误\"}","time":1617005137228475100}
